/*C40*/SET SCHEMA PUBLIC
CONNECT USER SA
/*C41*/SET SCHEMA PUBLIC
CONNECT USER SA
DISCONNECT
/*C42*/SET SCHEMA PUBLIC
CONNECT USER SA
INSERT INTO PESSOA VALUES(47,'aa','aa','aaa','Masculino')
DISCONNECT
/*C43*/SET SCHEMA PUBLIC
CONNECT USER SA
INSERT INTO ENDERECO VALUES(32,'','','','AL')
DISCONNECT
/*C44*/SET SCHEMA PUBLIC
CONNECT USER SA
INSERT INTO PESSOA_ENDERECO VALUES(7,47,30)
DISCONNECT
/*C45*/SET SCHEMA PUBLIC
CONNECT USER SA
DISCONNECT
/*C46*/SET SCHEMA PUBLIC
CONNECT USER SA
INSERT INTO PESSOA VALUES(48,'teste','teste','teste','Masculino')
DISCONNECT
/*C47*/SET SCHEMA PUBLIC
CONNECT USER SA
INSERT INTO ENDERECO VALUES(33,'','','','AL')
DISCONNECT
/*C48*/SET SCHEMA PUBLIC
CONNECT USER SA
INSERT INTO PESSOA_ENDERECO VALUES(8,48,30)
DISCONNECT
/*C49*/SET SCHEMA PUBLIC
CONNECT USER SA
DISCONNECT
/*C50*/SET SCHEMA PUBLIC
CONNECT USER SA
INSERT INTO PESSOA VALUES(49,'loco','locao','lcoao','Masculino')
DISCONNECT
/*C51*/SET SCHEMA PUBLIC
CONNECT USER SA
DISCONNECT
/*C52*/SET SCHEMA PUBLIC
CONNECT USER SA
INSERT INTO PESSOA_ENDERECO VALUES(9,49,30)
DISCONNECT
/*C53*/SET SCHEMA PUBLIC
CONNECT USER SA
DISCONNECT
/*C54*/SET SCHEMA PUBLIC
CONNECT USER SA
DISCONNECT
/*C55*/SET SCHEMA PUBLIC
CONNECT USER SA
DISCONNECT
/*C56*/SET SCHEMA PUBLIC
CONNECT USER SA
INSERT INTO PESSOA VALUES(50,'aa','ddd','ddd','Masculino')
DISCONNECT
/*C57*/SET SCHEMA PUBLIC
CONNECT USER SA
INSERT INTO ENDERECO VALUES(35,'','','','AL')
DISCONNECT
/*C58*/SET SCHEMA PUBLIC
CONNECT USER SA
INSERT INTO PESSOA_ENDERECO VALUES(10,47,30)
DISCONNECT
/*C59*/SET SCHEMA PUBLIC
CONNECT USER SA
DISCONNECT
/*C60*/SET SCHEMA PUBLIC
CONNECT USER SA
DISCONNECT
/*C61*/SET SCHEMA PUBLIC
CONNECT USER SA
DISCONNECT
/*C62*/SET SCHEMA PUBLIC
CONNECT USER SA
INSERT INTO PESSOA VALUES(51,'Leo Amattos','77666567','8657899','Masculino')
DISCONNECT
/*C63*/SET SCHEMA PUBLIC
CONNECT USER SA
INSERT INTO ENDERECO VALUES(36,'','','','SC')
DISCONNECT
/*C64*/SET SCHEMA PUBLIC
CONNECT USER SA
INSERT INTO PESSOA_ENDERECO VALUES(11,51,30)
DISCONNECT
/*C65*/SET SCHEMA PUBLIC
CONNECT USER SA
DISCONNECT
/*C66*/SET SCHEMA PUBLIC
CONNECT USER SA
DISCONNECT
/*C67*/SET SCHEMA PUBLIC
CONNECT USER SA
DISCONNECT
/*C68*/SET SCHEMA PUBLIC
CONNECT USER SA
DISCONNECT
/*C69*/SET SCHEMA PUBLIC
CONNECT USER SA
DISCONNECT
/*C70*/SET SCHEMA PUBLIC
CONNECT USER SA
DISCONNECT
/*C71*/SET SCHEMA PUBLIC
CONNECT USER SA
DISCONNECT
/*C72*/SET SCHEMA PUBLIC
CONNECT USER SA
DISCONNECT
/*C73*/SET SCHEMA PUBLIC
CONNECT USER SA
DISCONNECT
/*C74*/SET SCHEMA PUBLIC
CONNECT USER SA
DISCONNECT
/*C75*/SET SCHEMA PUBLIC
CONNECT USER SA
DISCONNECT
/*C76*/SET SCHEMA PUBLIC
CONNECT USER SA
DISCONNECT
/*C77*/SET SCHEMA PUBLIC
CONNECT USER SA
DISCONNECT
/*C78*/SET SCHEMA PUBLIC
CONNECT USER SA
INSERT INTO PESSOA VALUES(52,'Manuela','8767676','989767','Feminino')
DISCONNECT
/*C79*/SET SCHEMA PUBLIC
CONNECT USER SA
INSERT INTO ENDERECO VALUES(37,'','','','SC')
DISCONNECT
/*C80*/SET SCHEMA PUBLIC
CONNECT USER SA
INSERT INTO PESSOA_ENDERECO VALUES(12,52,30)
DISCONNECT
/*C81*/SET SCHEMA PUBLIC
CONNECT USER SA
DISCONNECT
/*C82*/SET SCHEMA PUBLIC
CONNECT USER SA
DISCONNECT
/*C83*/SET SCHEMA PUBLIC
CONNECT USER SA
DISCONNECT
/*C84*/SET SCHEMA PUBLIC
CONNECT USER SA
INSERT INTO PESSOA VALUES(53,'aaa','aaa','aaa','Masculino')
DISCONNECT
/*C85*/SET SCHEMA PUBLIC
CONNECT USER SA
INSERT INTO ENDERECO VALUES(38,'','','','AL')
DISCONNECT
/*C86*/SET SCHEMA PUBLIC
CONNECT USER SA
INSERT INTO PESSOA_ENDERECO VALUES(13,43,30)
DISCONNECT
/*C87*/SET SCHEMA PUBLIC
CONNECT USER SA
DISCONNECT
/*C88*/SET SCHEMA PUBLIC
CONNECT USER SA
DISCONNECT
/*C89*/SET SCHEMA PUBLIC
CONNECT USER SA
INSERT INTO PESSOA VALUES(54,'qqq','qqq','qqq','Masculino')
DISCONNECT
/*C90*/SET SCHEMA PUBLIC
CONNECT USER SA
INSERT INTO ENDERECO VALUES(39,'','','','AL')
DISCONNECT
/*C91*/SET SCHEMA PUBLIC
CONNECT USER SA
INSERT INTO PESSOA_ENDERECO VALUES(14,54,30)
DISCONNECT
/*C92*/SET SCHEMA PUBLIC
CONNECT USER SA
DISCONNECT
/*C93*/SET SCHEMA PUBLIC
CONNECT USER SA
DISCONNECT
/*C94*/SET SCHEMA PUBLIC
CONNECT USER SA
INSERT INTO ENDERECO VALUES(40,'','','','AL')
DISCONNECT
/*C95*/SET SCHEMA PUBLIC
CONNECT USER SA
INSERT INTO PESSOA_ENDERECO VALUES(15,47,30)
DISCONNECT
/*C96*/SET SCHEMA PUBLIC
CONNECT USER SA
DISCONNECT
/*C97*/SET SCHEMA PUBLIC
CONNECT USER SA
INSERT INTO ENDERECO VALUES(41,'','','','AL')
DISCONNECT
/*C98*/SET SCHEMA PUBLIC
CONNECT USER SA
DISCONNECT
/*C99*/SET SCHEMA PUBLIC
CONNECT USER SA
DISCONNECT
/*C100*/SET SCHEMA PUBLIC
CONNECT USER SA
INSERT INTO ENDERECO VALUES(42,'','','','AL')
DISCONNECT
/*C101*/SET SCHEMA PUBLIC
CONNECT USER SA
DISCONNECT
/*C102*/SET SCHEMA PUBLIC
CONNECT USER SA
DISCONNECT
/*C103*/SET SCHEMA PUBLIC
CONNECT USER SA
DISCONNECT
/*C104*/SET SCHEMA PUBLIC
CONNECT USER SA
INSERT INTO PESSOA VALUES(58,'qq','qq','qq','Masculino')
DISCONNECT
/*C105*/SET SCHEMA PUBLIC
CONNECT USER SA
INSERT INTO ENDERECO VALUES(43,'','','','AL')
DISCONNECT
/*C106*/SET SCHEMA PUBLIC
CONNECT USER SA
INSERT INTO PESSOA_ENDERECO VALUES(18,58,30)
DISCONNECT
/*C107*/SET SCHEMA PUBLIC
CONNECT USER SA
DISCONNECT
/*C108*/SET SCHEMA PUBLIC
CONNECT USER SA
DISCONNECT
/*C109*/SET SCHEMA PUBLIC
CONNECT USER SA
INSERT INTO ENDERECO VALUES(44,'','','','AL')
DISCONNECT
/*C110*/SET SCHEMA PUBLIC
CONNECT USER SA
INSERT INTO PESSOA_ENDERECO VALUES(19,58,30)
DISCONNECT
/*C111*/SET SCHEMA PUBLIC
CONNECT USER SA
DISCONNECT
/*C112*/SET SCHEMA PUBLIC
CONNECT USER SA
DISCONNECT
/*C113*/SET SCHEMA PUBLIC
CONNECT USER SA
INSERT INTO ENDERECO VALUES(45,'','','','AL')
DISCONNECT
/*C114*/SET SCHEMA PUBLIC
CONNECT USER SA
DISCONNECT
/*C115*/SET SCHEMA PUBLIC
CONNECT USER SA
DISCONNECT
/*C116*/SET SCHEMA PUBLIC
CONNECT USER SA
INSERT INTO ENDERECO VALUES(46,'','','','AL')
DISCONNECT
/*C117*/SET SCHEMA PUBLIC
CONNECT USER SA
DISCONNECT
/*C40*/create table pessoas (\u000aid_pessoas integer identity primary key, \u000anome varchar(30) not null,\u000acpf varchar(11) not null, \u000arg varchar (10) not null, \u000asexo varchar(30) not null,\u000arua varchar(30) not null,\u000acidade varchar(30) not null, \u000acep varchar (30) not null, \u000aestado varchar(30) not null\u000a)
/*C118*/SET SCHEMA PUBLIC
CONNECT USER SA
DISCONNECT
/*C119*/SET SCHEMA PUBLIC
CONNECT USER SA
INSERT INTO PESSOAS VALUES(0,'teste','teste','teste','Masculino','teste','teste','teste','SC')
DISCONNECT
/*C120*/SET SCHEMA PUBLIC
CONNECT USER SA
DISCONNECT
/*C121*/SET SCHEMA PUBLIC
CONNECT USER SA
DISCONNECT
/*C122*/SET SCHEMA PUBLIC
CONNECT USER SA
DISCONNECT
/*C123*/SET SCHEMA PUBLIC
CONNECT USER SA
DISCONNECT
/*C124*/SET SCHEMA PUBLIC
CONNECT USER SA
DISCONNECT
/*C125*/SET SCHEMA PUBLIC
CONNECT USER SA
DISCONNECT
/*C126*/SET SCHEMA PUBLIC
CONNECT USER SA
DISCONNECT
/*C127*/SET SCHEMA PUBLIC
CONNECT USER SA
DISCONNECT
/*C128*/SET SCHEMA PUBLIC
CONNECT USER SA
DISCONNECT
/*C129*/SET SCHEMA PUBLIC
CONNECT USER SA
INSERT INTO PESSOAS VALUES(1,'gregori','87687889','87878','Masculino','Pedro geromito','Dos deuses','9876789','RJ')
DISCONNECT
/*C130*/SET SCHEMA PUBLIC
CONNECT USER SA
INSERT INTO PESSOAS VALUES(2,'Lucas Orso','98765556','07678767','Masculino','Luis Gonsalves','criciuma','675777','SC')
DISCONNECT
/*C131*/SET SCHEMA PUBLIC
CONNECT USER SA
DISCONNECT
/*C132*/SET SCHEMA PUBLIC
CONNECT USER SA
DISCONNECT
/*C133*/SET SCHEMA PUBLIC
CONNECT USER SA
DISCONNECT
/*C134*/SET SCHEMA PUBLIC
CONNECT USER SA
DISCONNECT
/*C135*/SET SCHEMA PUBLIC
CONNECT USER SA
DISCONNECT
/*C136*/SET SCHEMA PUBLIC
CONNECT USER SA
DISCONNECT
/*C137*/SET SCHEMA PUBLIC
CONNECT USER SA
DISCONNECT
/*C138*/SET SCHEMA PUBLIC
CONNECT USER SA
DISCONNECT
/*C139*/SET SCHEMA PUBLIC
CONNECT USER SA
DISCONNECT
/*C140*/SET SCHEMA PUBLIC
CONNECT USER SA
DISCONNECT
/*C141*/SET SCHEMA PUBLIC
CONNECT USER SA
DISCONNECT
/*C142*/SET SCHEMA PUBLIC
CONNECT USER SA
DISCONNECT
/*C143*/SET SCHEMA PUBLIC
CONNECT USER SA
DISCONNECT
/*C144*/SET SCHEMA PUBLIC
CONNECT USER SA
DISCONNECT
/*C145*/SET SCHEMA PUBLIC
CONNECT USER SA
DISCONNECT
/*C146*/SET SCHEMA PUBLIC
CONNECT USER SA
DELETE FROM PESSOAS WHERE ID_PESSOAS=1
DISCONNECT
/*C147*/SET SCHEMA PUBLIC
CONNECT USER SA
DISCONNECT
/*C148*/SET SCHEMA PUBLIC
CONNECT USER SA
DISCONNECT
/*C149*/SET SCHEMA PUBLIC
CONNECT USER SA
INSERT INTO PESSOAS VALUES(3,'Yuri','999.999.999-99','8888888888','Masculino','sao martinho','criciuma','65786899','SC')
DISCONNECT
/*C150*/SET SCHEMA PUBLIC
CONNECT USER SA
DISCONNECT
/*C151*/SET SCHEMA PUBLIC
CONNECT USER SA
DISCONNECT
/*C152*/SET SCHEMA PUBLIC
CONNECT USER SA
DISCONNECT
/*C153*/SET SCHEMA PUBLIC
CONNECT USER SA
DISCONNECT
/*C154*/SET SCHEMA PUBLIC
CONNECT USER SA
DISCONNECT
/*C40*/create table medicos (\u000aid integer identity primary key, \u000anome varchar(30) not null,\u000acpf varchar(30) not null, \u000arg varchar (30) not null, \u000aespecializacao varchar(30) not null,\u000aemail varchar(30) not null,\u000acrm varchar(30) not null,\u000arua varchar(30) not null,\u000acidade varchar(30) not null, \u000acep varchar (30) not null, \u000aestado varchar(30) not null\u000a)
